********************************************************************************
DUPLICATOR-LITE PACKAGE-LOG: September 28, 2020 12:43 pm
NOTICE: Do NOT post to public sites or forums 
********************************************************************************
VERSION:	1.3.38
WORDPRESS:	5.5.1
PHP INFO:	7.0.18-0ubuntu0.16.04.1 | SAPI: apache2handler
SERVER:		Apache/2.4.18 (Ubuntu) 
PHP TIME LIMIT: (0) no time limit imposed 
PHP MAX MEMORY: 4294967296 (128M default) 
MEMORY STACK: 4MB

********************************************************************************
DATABASE:
********************************************************************************
BUILD MODE:   MYSQLDUMP
MYSQLTIMEOUT: 5000
MYSQLDUMP:    Is Supported
SQL CREATED: 20200928_cultravate_317b96f9bd6a27ec2253_20200928124329_database.sql
SQL FILE SIZE: 665.38KB (681344)
SQL FILE TIME: 2020-09-28 12:43:41
SQL RUNTIME: 0.33 sec.

********************************************************************************
ARCHIVE (ZIP):
********************************************************************************
ARCHIVE DIR:  /var/www/public
ARCHIVE FILE: 20200928_cultravate_317b96f9bd6a27ec2253_20200928124329_archive.zip
FILTERS: *OFF*
DIRS:
	not set
FILES:
	not set
EXTS:  not set
----------------------------------------
COMPRESSING
SIZE:	59.29MB
STATS:	Dirs 337 | Files 2,560
SQL ADDED: 20200928_cultravate_317b96f9bd6a27ec2253_20200928124329_database.sql
ZipArchive Object
(
    [status] => 0
    [statusSys] => 0
    [numFiles] => 2897
    [filename] => /var/www/public/wp-content/backups-dup-lite/tmp/20200928_cultravate_317b96f9bd6a27ec2253_20200928124329_archive.zip
    [comment] => 
)

FILE ADDED TO ZIP: 2896
COMPRESSION RESULT: '1'
COMPRESSED SIZE: 18.2MB
ARCHIVE RUNTIME: 15.25 sec.
MEMORY STACK: 4MB
building installer
add_extra_files1
add_extra_files2
add_extra_files3
add_extra_files4
Doing archive file check
add_extra_files5
add_extra_files6
add_extra_files8
Successfully opened zip /var/www/public/wp-content/backups-dup-lite/tmp/20200928_cultravate_317b96f9bd6a27ec2253_20200928124329_archive.zip
Adding enhanced installer files to archive using ZipArchive
Installer files added to archive
Added to archive
After ziparchive close when adding installer

********************************************************************************
INTEGRITY CHECKS:
********************************************************************************
SQL FILE: 665.38KB
INSTALLER FILE: 61.32KB
ARCHIVE FILE: 19.68MB 
EXPECTED FILE/DIRECTORY COUNT: 2,897
ACTUAL FILE/DIRECTORY COUNT: 2,896
ARCHIVE CONSISTENCY TEST: Pass

********************************************************************************
RECORD ID:[1]
TOTAL PROCESS RUNTIME: 16.88 sec.
PEAK PHP MEMORY USED: 4MB
DONE PROCESSING => 20200928_cultravate September 28, 2020 12:43 pm

